0 info it worked if it ends with ok
1 verbose cli [ 'C:\\Program Files\\nodejs\\node.exe',
1 verbose cli   'C:\\Program Files\\nodejs\\node_modules\\npm\\bin\\npm-cli.js',
1 verbose cli   'run',
1 verbose cli   'dev' ]
2 info using npm@3.10.10
3 info using node@v6.10.0
4 verbose run-script [ 'predev', 'dev', 'postdev' ]
5 info lifecycle reactObj@1.0.0~predev: reactObj@1.0.0
6 silly lifecycle reactObj@1.0.0~predev: no script for predev, continuing
7 info lifecycle reactObj@1.0.0~dev: reactObj@1.0.0
8 verbose lifecycle reactObj@1.0.0~dev: unsafe-perm in lifecycle true
9 verbose lifecycle reactObj@1.0.0~dev: PATH: C:\Program Files\nodejs\node_modules\npm\bin\node-gyp-bin;E:\Learn the front\work\17.4.26\node_modules\.bin;C:\Ruby22-x64\bin;C:\Windows\system32;C:\Windows;C:\Windows\System32\Wbem;C:\Windows\System32\WindowsPowerShell\v1.0\;C:\Program Files (x86)\Autodesk\Backburner\;C:\Program Files (x86)\Common Files\Autodesk Shared\;C:\Program Files\TortoiseSVN\bin;C:\Program Files\Git\cmd;C:\Program Files\nodejs\;C:\Users\Administrator\AppData\Roaming\npm
10 verbose lifecycle reactObj@1.0.0~dev: CWD: E:\Learn the front\work\17.4.26
11 silly lifecycle reactObj@1.0.0~dev: Args: [ '/d /s /c',
11 silly lifecycle   'webpack-dev-server --hot --inline --open --port 8001' ]
12 silly lifecycle reactObj@1.0.0~dev: Returned: code: 3221225786  signal: null
13 info lifecycle reactObj@1.0.0~dev: Failed to exec dev script
14 verbose stack Error: reactObj@1.0.0 dev: `webpack-dev-server --hot --inline --open --port 8001`
14 verbose stack Exit status 3221225786
14 verbose stack     at EventEmitter.<anonymous> (C:\Program Files\nodejs\node_modules\npm\lib\utils\lifecycle.js:255:16)
14 verbose stack     at emitTwo (events.js:106:13)
14 verbose stack     at EventEmitter.emit (events.js:191:7)
14 verbose stack     at ChildProcess.<anonymous> (C:\Program Files\nodejs\node_modules\npm\lib\utils\spawn.js:40:14)
14 verbose stack     at emitTwo (events.js:106:13)
14 verbose stack     at ChildProcess.emit (events.js:191:7)
14 verbose stack     at maybeClose (internal/child_process.js:877:16)
14 verbose stack     at Process.ChildProcess._handle.onexit (internal/child_process.js:226:5)
15 verbose pkgid reactObj@1.0.0
16 verbose cwd E:\Learn the front\work\17.4.26
17 error Windows_NT 6.1.7601
18 error argv "C:\\Program Files\\nodejs\\node.exe" "C:\\Program Files\\nodejs\\node_modules\\npm\\bin\\npm-cli.js" "run" "dev"
19 error node v6.10.0
20 error npm  v3.10.10
21 error code ELIFECYCLE
22 error reactObj@1.0.0 dev: `webpack-dev-server --hot --inline --open --port 8001`
22 error Exit status 3221225786
23 error Failed at the reactObj@1.0.0 dev script 'webpack-dev-server --hot --inline --open --port 8001'.
23 error Make sure you have the latest version of node.js and npm installed.
23 error If you do, this is most likely a problem with the reactObj package,
23 error not with npm itself.
23 error Tell the author that this fails on your system:
23 error     webpack-dev-server --hot --inline --open --port 8001
23 error You can get information on how to open an issue for this project with:
23 error     npm bugs reactObj
23 error Or if that isn't available, you can get their info via:
23 error     npm owner ls reactObj
23 error There is likely additional logging output above.
24 verbose exit [ 1, true ]
